<?xml version="1.0" encoding="UTF-8"?>
<!-- Generated by org.testng.reporters.JUnitXMLReporter -->
<testsuite ignored="0" hostname="RTC-DLLA46" failures="0" tests="4" name="Test" time="13.107" errors="0" timestamp="2024-12-26T21:01:30 IST">
  <testcase classname="com.example.tests.NetworkInterceptTest" name="testNetworkIntercept" time="1.313"/>
  <testcase classname="com.example.tests.JavaScriptExecutionTest" name="testJavaScriptExecution" time="1.129"/>
  <testcase classname="com.example.tests.ConsoleLogTest" name="testConsoleLogs" time="1.152"/>
  <testcase classname="com.example.tests.BrowserEventMonitoringTest" name="testBrowserEventMonitioring" time="1.312"/>
</testsuite> <!-- Test -->
