<?xml version="1.0" encoding="UTF-8"?>
<testng-results ignored="0" total="1" passed="1" failed="0" skipped="0">
  <reporter-output>
  </reporter-output>
  <suite started-at="2024-12-30T17:06:25 IST" name="Default suite" finished-at="2024-12-30T17:06:27 IST" duration-ms="2325">
    <groups>
    </groups>
    <test started-at="2024-12-30T17:06:25 IST" name="Default test" finished-at="2024-12-30T17:06:27 IST" duration-ms="2325">
      <class name="com.example.tests.JavaScriptExecutionTest">
        <test-method is-config="true" signature="setup()[pri:0, instance:com.example.tests.JavaScriptExecutionTest@799f10e1]" started-at="2024-12-30T17:06:25 IST" name="setup" finished-at="2024-12-30T17:06:27 IST" duration-ms="2066" status="PASS">
          <reporter-output>
          </reporter-output>
        </test-method> <!-- setup -->
        <test-method signature="testJavaScriptExecution()[pri:0, instance:com.example.tests.JavaScriptExecutionTest@799f10e1]" started-at="2024-12-30T17:06:27 IST" name="testJavaScriptExecution" finished-at="2024-12-30T17:06:27 IST" duration-ms="227" status="PASS">
          <reporter-output>
          </reporter-output>
        </test-method> <!-- testJavaScriptExecution -->
        <test-method is-config="true" signature="teardown()[pri:0, instance:com.example.tests.JavaScriptExecutionTest@799f10e1]" started-at="2024-12-30T17:06:27 IST" name="teardown" finished-at="2024-12-30T17:06:27 IST" duration-ms="0" status="PASS">
          <reporter-output>
          </reporter-output>
        </test-method> <!-- teardown -->
      </class> <!-- com.example.tests.JavaScriptExecutionTest -->
    </test> <!-- Default test -->
  </suite> <!-- Default suite -->
</testng-results>
